2024-08-04 14:41:50,264 - httpx - INFO - HTTP Request: POST https://api.telegram.org/bot6668178733:AAGDtN5RospSsJFiwQ_G7TnB4PxOTiKFV8Y/getMe "HTTP/1.1 200 OK"
2024-08-04 14:41:50,560 - httpx - INFO - HTTP Request: POST https://api.telegram.org/bot6668178733:AAGDtN5RospSsJFiwQ_G7TnB4PxOTiKFV8Y/deleteWebhook "HTTP/1.1 200 OK"
2024-08-04 14:41:50,563 - telegram.ext.Application - INFO - Application started
2024-08-04 14:42:01,443 - httpx - INFO - HTTP Request: POST https://api.telegram.org/bot6668178733:AAGDtN5RospSsJFiwQ_G7TnB4PxOTiKFV8Y/getUpdates "HTTP/1.1 200 OK"
2024-08-04 14:42:05,145 - httpx - INFO - HTTP Request: POST https://api.telegram.org/bot6668178733:AAGDtN5RospSsJFiwQ_G7TnB4PxOTiKFV8Y/getUpdates "HTTP/1.1 200 OK"
2024-08-04 14:42:05,148 - __main__ - INFO - Parsing mode activated
2024-08-04 14:42:06,221 - httpx - INFO - HTTP Request: POST https://api.telegram.org/bot6668178733:AAGDtN5RospSsJFiwQ_G7TnB4PxOTiKFV8Y/sendMessage "HTTP/1.1 200 OK"
2024-08-04 14:42:15,448 - httpx - INFO - HTTP Request: POST https://api.telegram.org/bot6668178733:AAGDtN5RospSsJFiwQ_G7TnB4PxOTiKFV8Y/getUpdates "HTTP/1.1 200 OK"
2024-08-04 14:42:15,744 - httpx - INFO - HTTP Request: POST https://api.telegram.org/bot6668178733:AAGDtN5RospSsJFiwQ_G7TnB4PxOTiKFV8Y/getUpdates "HTTP/1.1 200 OK"
2024-08-04 14:42:15,747 - __main__ - INFO - Parsing mode: True, received message: https://www.coupang.com/vp/products/7675694847?vendorItemId=87794833200&sourceType=HOME_GW_PROMOTION&searchId=feed-cba48671afc2401ca707b480b386f690-gw_promotion&isAddedCart=  5
2024-08-04 14:42:15,747 - __main__ - INFO - Added: https://www.coupang.com/vp/products/7675694847?vendorItemId=87794833200&sourceType=HOME_GW_PROMOTION&searchId=feed-cba48671afc2401ca707b480b386f690-gw_promotion&isAddedCart= - 5 - ['', '', '', '', '']
2024-08-04 14:42:16,948 - httpx - INFO - HTTP Request: POST https://api.telegram.org/bot6668178733:AAGDtN5RospSsJFiwQ_G7TnB4PxOTiKFV8Y/sendMessage "HTTP/1.1 200 OK"
2024-08-04 14:42:23,512 - httpx - INFO - HTTP Request: POST https://api.telegram.org/bot6668178733:AAGDtN5RospSsJFiwQ_G7TnB4PxOTiKFV8Y/getUpdates "HTTP/1.1 200 OK"
2024-08-04 14:42:23,515 - __main__ - INFO - Parsing mode: True, received message: конец
2024-08-04 14:42:23,516 - __main__ - INFO - Parsing mode deactivated
2024-08-04 14:42:25,350 - httpx - INFO - HTTP Request: POST https://api.telegram.org/bot6668178733:AAGDtN5RospSsJFiwQ_G7TnB4PxOTiKFV8Y/sendDocument "HTTP/1.1 200 OK"
2024-08-04 14:42:33,841 - httpx - INFO - HTTP Request: POST https://api.telegram.org/bot6668178733:AAGDtN5RospSsJFiwQ_G7TnB4PxOTiKFV8Y/getUpdates "HTTP/1.1 200 OK"
2024-09-17 13:57:05,221 - httpx - INFO - HTTP Request: POST https://api.telegram.org/bot6668178733:AAGDtN5RospSsJFiwQ_G7TnB4PxOTiKFV8Y/getMe "HTTP/1.1 200 OK"
2024-09-17 13:57:05,516 - httpx - INFO - HTTP Request: POST https://api.telegram.org/bot6668178733:AAGDtN5RospSsJFiwQ_G7TnB4PxOTiKFV8Y/deleteWebhook "HTTP/1.1 200 OK"
2024-09-17 13:57:05,518 - telegram.ext.Application - INFO - Application started
2024-09-17 13:57:16,415 - httpx - INFO - HTTP Request: POST https://api.telegram.org/bot6668178733:AAGDtN5RospSsJFiwQ_G7TnB4PxOTiKFV8Y/getUpdates "HTTP/1.1 200 OK"
2024-09-17 13:57:22,833 - httpx - INFO - HTTP Request: POST https://api.telegram.org/bot6668178733:AAGDtN5RospSsJFiwQ_G7TnB4PxOTiKFV8Y/getUpdates "HTTP/1.1 200 OK"
2024-09-17 13:57:22,836 - __main__ - INFO - Command /start received
2024-09-17 13:57:23,902 - httpx - INFO - HTTP Request: POST https://api.telegram.org/bot6668178733:AAGDtN5RospSsJFiwQ_G7TnB4PxOTiKFV8Y/sendMessage "HTTP/1.1 200 OK"
2024-09-17 13:57:31,426 - httpx - INFO - HTTP Request: POST https://api.telegram.org/bot6668178733:AAGDtN5RospSsJFiwQ_G7TnB4PxOTiKFV8Y/getUpdates "HTTP/1.1 200 OK"
2024-09-17 13:57:31,429 - __main__ - INFO - Parsing mode: False, received message: заказ
2024-09-17 13:57:41,726 - httpx - INFO - HTTP Request: POST https://api.telegram.org/bot6668178733:AAGDtN5RospSsJFiwQ_G7TnB4PxOTiKFV8Y/getUpdates "HTTP/1.1 200 OK"
2024-09-17 13:57:52,027 - httpx - INFO - HTTP Request: POST https://api.telegram.org/bot6668178733:AAGDtN5RospSsJFiwQ_G7TnB4PxOTiKFV8Y/getUpdates "HTTP/1.1 200 OK"
2024-09-17 13:57:54,237 - httpx - INFO - HTTP Request: POST https://api.telegram.org/bot6668178733:AAGDtN5RospSsJFiwQ_G7TnB4PxOTiKFV8Y/getUpdates "HTTP/1.1 200 OK"
2024-09-17 13:57:54,240 - __main__ - INFO - Parsing mode: False, received message: @civivcore_citylights_bot заказ
2024-09-17 13:58:04,538 - httpx - INFO - HTTP Request: POST https://api.telegram.org/bot6668178733:AAGDtN5RospSsJFiwQ_G7TnB4PxOTiKFV8Y/getUpdates "HTTP/1.1 200 OK"
2024-09-17 13:58:14,837 - httpx - INFO - HTTP Request: POST https://api.telegram.org/bot6668178733:AAGDtN5RospSsJFiwQ_G7TnB4PxOTiKFV8Y/getUpdates "HTTP/1.1 200 OK"
2024-09-17 13:58:25,166 - httpx - INFO - HTTP Request: POST https://api.telegram.org/bot6668178733:AAGDtN5RospSsJFiwQ_G7TnB4PxOTiKFV8Y/getUpdates "HTTP/1.1 200 OK"
2024-09-17 13:58:31,966 - httpx - INFO - HTTP Request: POST https://api.telegram.org/bot6668178733:AAGDtN5RospSsJFiwQ_G7TnB4PxOTiKFV8Y/getUpdates "HTTP/1.1 200 OK"
2024-09-17 13:58:31,968 - __main__ - INFO - Parsing mode activated
2024-09-17 13:58:33,006 - httpx - INFO - HTTP Request: POST https://api.telegram.org/bot6668178733:AAGDtN5RospSsJFiwQ_G7TnB4PxOTiKFV8Y/sendMessage "HTTP/1.1 200 OK"
2024-09-17 13:58:42,264 - httpx - INFO - HTTP Request: POST https://api.telegram.org/bot6668178733:AAGDtN5RospSsJFiwQ_G7TnB4PxOTiKFV8Y/getUpdates "HTTP/1.1 200 OK"
2024-09-17 13:58:52,564 - httpx - INFO - HTTP Request: POST https://api.telegram.org/bot6668178733:AAGDtN5RospSsJFiwQ_G7TnB4PxOTiKFV8Y/getUpdates "HTTP/1.1 200 OK"
2024-09-17 13:59:02,863 - httpx - INFO - HTTP Request: POST https://api.telegram.org/bot6668178733:AAGDtN5RospSsJFiwQ_G7TnB4PxOTiKFV8Y/getUpdates "HTTP/1.1 200 OK"
2024-09-17 13:59:13,160 - httpx - INFO - HTTP Request: POST https://api.telegram.org/bot6668178733:AAGDtN5RospSsJFiwQ_G7TnB4PxOTiKFV8Y/getUpdates "HTTP/1.1 200 OK"
2024-09-17 13:59:23,457 - httpx - INFO - HTTP Request: POST https://api.telegram.org/bot6668178733:AAGDtN5RospSsJFiwQ_G7TnB4PxOTiKFV8Y/getUpdates "HTTP/1.1 200 OK"
2024-09-17 13:59:33,753 - httpx - INFO - HTTP Request: POST https://api.telegram.org/bot6668178733:AAGDtN5RospSsJFiwQ_G7TnB4PxOTiKFV8Y/getUpdates "HTTP/1.1 200 OK"
2024-09-17 13:59:44,064 - httpx - INFO - HTTP Request: POST https://api.telegram.org/bot6668178733:AAGDtN5RospSsJFiwQ_G7TnB4PxOTiKFV8Y/getUpdates "HTTP/1.1 200 OK"
2024-09-17 13:59:54,364 - httpx - INFO - HTTP Request: POST https://api.telegram.org/bot6668178733:AAGDtN5RospSsJFiwQ_G7TnB4PxOTiKFV8Y/getUpdates "HTTP/1.1 200 OK"
2024-09-17 14:00:04,674 - httpx - INFO - HTTP Request: POST https://api.telegram.org/bot6668178733:AAGDtN5RospSsJFiwQ_G7TnB4PxOTiKFV8Y/getUpdates "HTTP/1.1 200 OK"
2024-09-17 14:00:14,976 - httpx - INFO - HTTP Request: POST https://api.telegram.org/bot6668178733:AAGDtN5RospSsJFiwQ_G7TnB4PxOTiKFV8Y/getUpdates "HTTP/1.1 200 OK"
2024-09-17 14:00:25,273 - httpx - INFO - HTTP Request: POST https://api.telegram.org/bot6668178733:AAGDtN5RospSsJFiwQ_G7TnB4PxOTiKFV8Y/getUpdates "HTTP/1.1 200 OK"
2024-09-17 14:00:35,573 - httpx - INFO - HTTP Request: POST https://api.telegram.org/bot6668178733:AAGDtN5RospSsJFiwQ_G7TnB4PxOTiKFV8Y/getUpdates "HTTP/1.1 200 OK"
2024-09-17 14:00:45,875 - httpx - INFO - HTTP Request: POST https://api.telegram.org/bot6668178733:AAGDtN5RospSsJFiwQ_G7TnB4PxOTiKFV8Y/getUpdates "HTTP/1.1 200 OK"
2024-09-17 14:00:56,186 - httpx - INFO - HTTP Request: POST https://api.telegram.org/bot6668178733:AAGDtN5RospSsJFiwQ_G7TnB4PxOTiKFV8Y/getUpdates "HTTP/1.1 200 OK"
2024-09-17 14:01:06,490 - httpx - INFO - HTTP Request: POST https://api.telegram.org/bot6668178733:AAGDtN5RospSsJFiwQ_G7TnB4PxOTiKFV8Y/getUpdates "HTTP/1.1 200 OK"
2024-09-17 14:01:16,788 - httpx - INFO - HTTP Request: POST https://api.telegram.org/bot6668178733:AAGDtN5RospSsJFiwQ_G7TnB4PxOTiKFV8Y/getUpdates "HTTP/1.1 200 OK"
2024-09-17 14:01:27,111 - httpx - INFO - HTTP Request: POST https://api.telegram.org/bot6668178733:AAGDtN5RospSsJFiwQ_G7TnB4PxOTiKFV8Y/getUpdates "HTTP/1.1 200 OK"
2024-09-17 14:01:37,430 - httpx - INFO - HTTP Request: POST https://api.telegram.org/bot6668178733:AAGDtN5RospSsJFiwQ_G7TnB4PxOTiKFV8Y/getUpdates "HTTP/1.1 200 OK"
2024-09-17 14:01:47,730 - httpx - INFO - HTTP Request: POST https://api.telegram.org/bot6668178733:AAGDtN5RospSsJFiwQ_G7TnB4PxOTiKFV8Y/getUpdates "HTTP/1.1 200 OK"
2024-09-17 14:01:58,031 - httpx - INFO - HTTP Request: POST https://api.telegram.org/bot6668178733:AAGDtN5RospSsJFiwQ_G7TnB4PxOTiKFV8Y/getUpdates "HTTP/1.1 200 OK"
2024-09-17 14:02:08,332 - httpx - INFO - HTTP Request: POST https://api.telegram.org/bot6668178733:AAGDtN5RospSsJFiwQ_G7TnB4PxOTiKFV8Y/getUpdates "HTTP/1.1 200 OK"
2024-09-17 14:02:18,632 - httpx - INFO - HTTP Request: POST https://api.telegram.org/bot6668178733:AAGDtN5RospSsJFiwQ_G7TnB4PxOTiKFV8Y/getUpdates "HTTP/1.1 200 OK"
2024-09-17 14:02:28,928 - httpx - INFO - HTTP Request: POST https://api.telegram.org/bot6668178733:AAGDtN5RospSsJFiwQ_G7TnB4PxOTiKFV8Y/getUpdates "HTTP/1.1 200 OK"
2024-09-17 14:02:39,244 - httpx - INFO - HTTP Request: POST https://api.telegram.org/bot6668178733:AAGDtN5RospSsJFiwQ_G7TnB4PxOTiKFV8Y/getUpdates "HTTP/1.1 200 OK"
2024-09-17 14:02:49,545 - httpx - INFO - HTTP Request: POST https://api.telegram.org/bot6668178733:AAGDtN5RospSsJFiwQ_G7TnB4PxOTiKFV8Y/getUpdates "HTTP/1.1 200 OK"
2024-09-17 14:02:59,841 - httpx - INFO - HTTP Request: POST https://api.telegram.org/bot6668178733:AAGDtN5RospSsJFiwQ_G7TnB4PxOTiKFV8Y/getUpdates "HTTP/1.1 200 OK"
2024-09-17 14:03:04,549 - httpx - INFO - HTTP Request: POST https://api.telegram.org/bot6668178733:AAGDtN5RospSsJFiwQ_G7TnB4PxOTiKFV8Y/getUpdates "HTTP/1.1 200 OK"
2024-09-17 14:03:04,551 - telegram.ext.Application - INFO - Application is stopping. This might take a moment.
2024-09-17 14:03:04,551 - telegram.ext.Application - INFO - Application.stop() complete
